Called with args:
Namespace(cfg_file='experiments/cfgs/faster_rcnn_end2end.yml', gpu_id=0, imdb_name='inria_train', max_iters=500000, pretrained_model='data/faster_rcnn_models/VGG16_faster_rcnn_final.caffemodel', randomize=False, set_cfgs=None, solver='models/pascal_voc/VGG16/faster_rcnn_end2end/solver.prototxt')
Using config:
{'DATA_DIR': '/home/closerbibi/workspace/faster-rcnn_hha/data',
 'DEDUP_BOXES': 0.0625,
 'EPS': 1e-14,
 'EXP_DIR': 'faster_rcnn_end2end',
 'GPU_ID': 0,
 'MATLAB': 'matlab',
 'MODELS_DIR': '/home/closerbibi/workspace/faster-rcnn_hha/models/pascal_voc',
 'PIXEL_MEANS': array([[[ 23.72455458,  15.59116437,  16.8169807 ]]]),
 'RNG_SEED': 3,
 'ROOT_DIR': '/home/closerbibi/workspace/faster-rcnn_hha',
 'TEST': {'BBOX_REG': True,
          'HAS_RPN': True,
          'MAX_SIZE': 1000,
          'NMS': 0.3,
          'PROPOSAL_METHOD': 'selective_search',
          'RPN_MIN_SIZE': 16,
          'RPN_NMS_THRESH': 0.7,
          'RPN_POST_NMS_TOP_N': 300,
          'RPN_PRE_NMS_TOP_N': 6000,
          'SCALES': [600],
          'SVM': False},
 'TRAIN': {'ASPECT_GROUPING': True,
           'BATCH_SIZE': 128,
           'BBOX_INSIDE_WEIGHTS': [1.0, 1.0, 1.0, 1.0],
           'BBOX_NORMALIZE_MEANS': [0.0, 0.0, 0.0, 0.0],
           'BBOX_NORMALIZE_STDS': [0.1, 0.1, 0.2, 0.2],
           'BBOX_NORMALIZE_TARGETS': True,
           'BBOX_NORMALIZE_TARGETS_PRECOMPUTED': True,
           'BBOX_REG': True,
           'BBOX_THRESH': 0.5,
           'BG_THRESH_HI': 0.5,
           'BG_THRESH_LO': 0.0,
           'FG_FRACTION': 0.25,
           'FG_THRESH': 0.5,
           'HAS_RPN': True,
           'IMS_PER_BATCH': 1,
           'MAX_SIZE': 1000,
           'PROPOSAL_METHOD': 'gt',
           'RPN_BATCHSIZE': 256,
           'RPN_BBOX_INSIDE_WEIGHTS': [1.0, 1.0, 1.0, 1.0],
           'RPN_CLOBBER_POSITIVES': False,
           'RPN_FG_FRACTION': 0.5,
           'RPN_MIN_SIZE': 16,
           'RPN_NEGATIVE_OVERLAP': 0.3,
           'RPN_NMS_THRESH': 0.7,
           'RPN_POSITIVE_OVERLAP': 0.7,
           'RPN_POSITIVE_WEIGHT': -1.0,
           'RPN_POST_NMS_TOP_N': 2000,
           'RPN_PRE_NMS_TOP_N': 12000,
           'SCALES': [600],
           'SNAPSHOT_INFIX': '',
           'SNAPSHOT_ITERS': 10000,
           'USE_FLIPPED': True,
           'USE_PREFETCH': False},
 'USE_GPU_NMS': True}
Loaded dataset `train` for training
Set proposal method: gt
Appending horizontally-flipped training examples...
Traceback (most recent call last):
  File "./tools/train_net.py", line 104, in <module>
    imdb, roidb = combined_roidb(args.imdb_name)
  File "./tools/train_net.py", line 69, in combined_roidb
    roidbs = [get_roidb(s) for s in imdb_names.split('+')]
  File "./tools/train_net.py", line 66, in get_roidb
    roidb = get_training_roidb(imdb)
  File "/home/closerbibi/workspace/faster-rcnn_hha/tools/../lib/fast_rcnn/train.py", line 119, in get_training_roidb
    imdb.append_flipped_images()
  File "/home/closerbibi/workspace/faster-rcnn_hha/tools/../lib/datasets/imdb.py", line 110, in append_flipped_images
    widths = self._get_widths()
  File "/home/closerbibi/workspace/faster-rcnn_hha/tools/../lib/datasets/imdb.py", line 106, in _get_widths
    for i in xrange(self.num_images)]
  File "/home/closerbibi/anaconda2/lib/python2.7/site-packages/numpy/lib/npyio.py", line 429, in load
    "Failed to interpret file %s as a pickle" % repr(file))
IOError: Failed to interpret file './data/DIRE/Images/picture_000001.jpg' as a pickle
